# JRE version: OpenJDK Runtime Environment Temurin-17.0.2+8 (17.0.2+8) (build 17.0.2+8)
# Java VM: OpenJDK 64-Bit Server VM Temurin-17.0.2+8 (17.0.2+8, mixed mode, emulated-client, tiered, compressed oops, compressed class ptrs, g1 gc, windows-amd64)
GC Precious Log:
 CPUs: 4 total, 4 available
 Memory: 8078M
 Large Page Support: Disabled
 NUMA Support: Disabled
 Compressed Oops: Enabled (32-bit)
 Heap Region Size: 1M
 Heap Min Capacity: 8M
 Heap Initial Capacity: 128M
 Heap Max Capacity: 2020M
 Pre-touch: Disabled
 Parallel Workers: 4
 Concurrent Workers: 1
 Concurrent Refinement Workers: 4
 Periodic GC: Disabled
Heap:
 garbage-first heap   total 45056K, used 18411K [0x0000000081c00000, 0x0000000100000000)
  region size 1024K, 7 young (7168K), 0 survivors (0K)
 Metaspace       used 32367K, committed 32832K, reserved 1081344K
  class space    used 4218K, committed 4416K, reserved 1048576K
GC Heap History (20 events):
Event: 250331.757 GC heap before
{Heap before GC invocations=24557 (full 24534):
 garbage-first heap   total 45056K, used 22507K [0x0000000081c00000, 0x0000000100000000)
  region size 1024K, 11 young (11264K), 0 survivors (0K)
 Metaspace       used 32367K, committed 32832K, reserved 1081344K
  class space    used 4218K, committed 4416K, reserved 1048576K
}
Event: 250331.793 GC heap after
{Heap after GC invocations=24558 (full 24535):
 garbage-first heap   total 45056K, used 13293K [0x0000000081c00000, 0x0000000100000000)
  region size 1024K, 0 young (0K), 0 survivors (0K)
 Metaspace       used 32367K, committed 32832K, reserved 1081344K
  class space    used 4218K, committed 4416K, reserved 1048576K
}
Event: 250342.079 GC heap before
{Heap before GC invocations=24558 (full 24535):
 garbage-first heap   total 45056K, used 18413K [0x0000000081c00000, 0x0000000100000000)
  region size 1024K, 7 young (7168K), 0 survivors (0K)
 Metaspace       used 32367K, committed 32832K, reserved 1081344K
  class space    used 4218K, committed 4416K, reserved 1048576K
}
Event: 250342.116 GC heap after
{Heap after GC invocations=24559 (full 24536):
 garbage-first heap   total 45056K, used 13291K [0x0000000081c00000, 0x0000000100000000)
  region size 1024K, 0 young (0K), 0 survivors (0K)
 Metaspace       used 32367K, committed 32832K, reserved 1081344K
  class space    used 4218K, committed 4416K, reserved 1048576K
}
Event: 250352.439 GC heap before
{Heap before GC invocations=24559 (full 24536):
 garbage-first heap   total 45056K, used 18411K [0x0000000081c00000, 0x0000000100000000)
  region size 1024K, 7 young (7168K), 0 survivors (0K)
 Metaspace       used 32367K, committed 32832K, reserved 1081344K
  class space    used 4218K, committed 4416K, reserved 1048576K
}
Event: 250352.473 GC heap after
{Heap after GC invocations=24560 (full 24537):
 garbage-first heap   total 45056K, used 13291K [0x0000000081c00000, 0x0000000100000000)
  region size 1024K, 0 young (0K), 0 survivors (0K)
 Metaspace       used 32367K, committed 32832K, reserved 1081344K
  class space    used 4218K, committed 4416K, reserved 1048576K
}
Event: 250362.742 GC heap before
{Heap before GC invocations=24560 (full 24537):
 garbage-first heap   total 45056K, used 18411K [0x0000000081c00000, 0x0000000100000000)
  region size 1024K, 7 young (7168K), 0 survivors (0K)
 Metaspace       used 32367K, committed 32832K, reserved 1081344K
  class space    used 4218K, committed 4416K, reserved 1048576K
}
Event: 250362.771 GC heap after
{Heap after GC invocations=24561 (full 24538):
 garbage-first heap   total 45056K, used 13291K [0x0000000081c00000, 0x0000000100000000)
  region size 1024K, 0 young (0K), 0 survivors (0K)
 Metaspace       used 32367K, committed 32832K, reserved 1081344K
  class space    used 4218K, committed 4416K, reserved 1048576K
}
Event: 250373.768 GC heap before
{Heap before GC invocations=24561 (full 24538):
 garbage-first heap   total 45056K, used 18411K [0x0000000081c00000, 0x0000000100000000)
  region size 1024K, 7 young (7168K), 0 survivors (0K)
 Metaspace       used 32367K, committed 32832K, reserved 1081344K
  class space    used 4218K, committed 4416K, reserved 1048576K
}
Event: 250373.805 GC heap after
{Heap after GC invocations=24562 (full 24539):
 garbage-first heap   total 45056K, used 13291K [0x0000000081c00000, 0x0000000100000000)
  region size 1024K, 0 young (0K), 0 survivors (0K)
 Metaspace       used 32367K, committed 32832K, reserved 1081344K
  class space    used 4218K, committed 4416K, reserved 1048576K
}
Event: 250384.055 GC heap before
{Heap before GC invocations=24562 (full 24539):
 garbage-first heap   total 45056K, used 18411K [0x0000000081c00000, 0x0000000100000000)
  region size 1024K, 7 young (7168K), 0 survivors (0K)
 Metaspace       used 32367K, committed 32832K, reserved 1081344K
  class space    used 4218K, committed 4416K, reserved 1048576K
}
Event: 250384.090 GC heap after
{Heap after GC invocations=24563 (full 24540):
 garbage-first heap   total 45056K, used 13291K [0x0000000081c00000, 0x0000000100000000)
  region size 1024K, 0 young (0K), 0 survivors (0K)
 Metaspace       used 32367K, committed 32832K, reserved 1081344K
  class space    used 4218K, committed 4416K, reserved 1048576K
}
Event: 250394.365 GC heap before
{Heap before GC invocations=24563 (full 24540):
 garbage-first heap   total 45056K, used 18411K [0x0000000081c00000, 0x0000000100000000)
  region size 1024K, 7 young (7168K), 0 survivors (0K)
 Metaspace       used 32367K, committed 32832K, reserved 1081344K
  class space    used 4218K, committed 4416K, reserved 1048576K
}
Event: 250394.400 GC heap after
{Heap after GC invocations=24564 (full 24541):
 garbage-first heap   total 45056K, used 13291K [0x0000000081c00000, 0x0000000100000000)
  region size 1024K, 0 young (0K), 0 survivors (0K)
 Metaspace       used 32367K, committed 32832K, reserved 1081344K
  class space    used 4218K, committed 4416K, reserved 1048576K
}
Event: 250404.672 GC heap before
{Heap before GC invocations=24564 (full 24541):
 garbage-first heap   total 45056K, used 18411K [0x0000000081c00000, 0x0000000100000000)
  region size 1024K, 7 young (7168K), 0 survivors (0K)
 Metaspace       used 32367K, committed 32832K, reserved 1081344K
  class space    used 4218K, committed 4416K, reserved 1048576K
}
Event: 250404.704 GC heap after
{Heap after GC invocations=24565 (full 24542):
 garbage-first heap   total 45056K, used 13291K [0x0000000081c00000, 0x0000000100000000)
  region size 1024K, 0 young (0K), 0 survivors (0K)
 Metaspace       used 32367K, committed 32832K, reserved 1081344K
  class space    used 4218K, committed 4416K, reserved 1048576K
}
Event: 250414.960 GC heap before
{Heap before GC invocations=24565 (full 24542):
 garbage-first heap   total 45056K, used 18411K [0x0000000081c00000, 0x0000000100000000)
  region size 1024K, 7 young (7168K), 0 survivors (0K)
 Metaspace       used 32367K, committed 32832K, reserved 1081344K
  class space    used 4218K, committed 4416K, reserved 1048576K
}
Event: 250414.995 GC heap after
{Heap after GC invocations=24566 (full 24543):
 garbage-first heap   total 45056K, used 13291K [0x0000000081c00000, 0x0000000100000000)
  region size 1024K, 0 young (0K), 0 survivors (0K)
 Metaspace       used 32367K, committed 32832K, reserved 1081344K
  class space    used 4218K, committed 4416K, reserved 1048576K
}
Event: 250425.146 GC heap before
{Heap before GC invocations=24566 (full 24543):
 garbage-first heap   total 45056K, used 18411K [0x0000000081c00000, 0x0000000100000000)
  region size 1024K, 7 young (7168K), 0 survivors (0K)
 Metaspace       used 32367K, committed 32832K, reserved 1081344K
  class space    used 4218K, committed 4416K, reserved 1048576K
}
Event: 250425.171 GC heap after
{Heap after GC invocations=24567 (full 24544):
 garbage-first heap   total 45056K, used 13291K [0x0000000081c00000, 0x0000000100000000)
  region size 1024K, 0 young (0K), 0 survivors (0K)
 Metaspace       used 32367K, committed 32832K, reserved 1081344K
  class space    used 4218K, committed 4416K, reserved 1048576K
}

